2020-12-01.22:33:56 Main INFO Handle pID
2020-12-01.22:33:56 Main INFO pID handled: 4392
2020-12-01.22:33:56 Main INFO Handle Process
2020-12-01.22:33:56 Main INFO Success Process handle
2020-12-01.22:33:56 Main INFO Offset 4294967295 = 4294967295
2020-12-01.22:33:56 Main INFO Program stop
2020-12-01.22:34:19 Main INFO Program start
2020-12-01.22:34:19 Main INFO Handle pID
2020-12-01.22:34:19 Main INFO pID handled: 4392
2020-12-01.22:34:19 Main INFO Handle Process
2020-12-01.22:34:19 Main INFO Success Process handle
2020-12-01.22:34:19 Main INFO Offset 4294967295 = 4294967295
2020-12-01.22:34:19 Main INFO Program stop
2020-12-01.22:34:39 Main INFO Program start
2020-12-01.22:34:39 Main INFO Handle pID
2020-12-01.22:34:39 Main INFO pID handled: 4392
2020-12-01.22:34:39 Main INFO Handle Process
2020-12-01.22:34:39 Main INFO Success Process handle
2020-12-01.22:34:39 Main INFO Offset 4294967295 = 4294967295
2020-12-01.22:34:39 Main INFO Program stop
2020-12-01.22:35:26 Main INFO Program start
2020-12-01.22:35:26 Main INFO Handle pID
2020-12-01.22:35:26 Main INFO pID handled: 4392
2020-12-01.22:35:26 Main INFO Handle Process
2020-12-01.22:35:26 Main INFO Success Process handle
2020-12-01.22:35:26 Main INFO Offset 4294967295 = 4294967295
2020-12-01.22:35:26 Main INFO Program stop
2020-12-01.22:35:32 Main INFO Program start
2020-12-01.22:35:32 Main INFO Handle pID
2020-12-01.22:35:32 Main INFO pID handled: 4392
2020-12-01.22:35:32 Main INFO Handle Process
2020-12-01.22:35:32 Main INFO Success Process handle
2020-12-01.22:35:32 Main INFO Offset 4294967295 = 4294967295
2020-12-01.22:35:32 Main INFO Program stop
2020-12-01.22:35:36 Main INFO Program start
2020-12-01.22:35:36 Main INFO Handle pID
2020-12-01.22:35:36 Main INFO pID handled: 4392
2020-12-01.22:35:36 Main INFO Handle Process
2020-12-01.22:35:36 Main INFO Success Process handle
2020-12-01.22:35:36 Main INFO Offset 4294967295 = 4294967295
2020-12-01.22:35:36 Main INFO Program stop
2020-12-01.22:35:41 Main INFO Program start
2020-12-01.22:35:41 Main INFO Handle pID
2020-12-01.22:35:41 Main INFO pID handled: 4392
2020-12-01.22:35:41 Main INFO Handle Process
2020-12-01.22:35:41 Main INFO Success Process handle
2020-12-01.22:35:41 Main INFO Offset 4294967295 = 4294967295
2020-12-01.22:35:41 Main INFO Program stop
2020-12-01.22:35:45 Main INFO Program start
2020-12-01.22:35:45 Main INFO Handle pID
2020-12-01.22:35:45 Main INFO pID handled: 4392
2020-12-01.22:35:45 Main INFO Handle Process
2020-12-01.22:35:45 Main INFO Success Process handle
2020-12-01.22:35:45 Main INFO Offset 4294967295 = 4294967295
2020-12-01.22:35:45 Main INFO Program stop
2020-12-01.22:37:49 Main INFO Program start
2020-12-01.22:37:49 Main INFO Handle pID
2020-12-01.22:37:49 Main INFO pID handled: 4392
2020-12-01.22:37:49 Main INFO Handle Process
2020-12-01.22:37:49 Main INFO Success Process handle
2020-12-01.22:37:49 Main INFO Offset 4294967295 = 4294967295
2020-12-01.22:37:49 Main INFO Program stop
2020-12-01.22:38:00 Main INFO Program start
2020-12-01.22:38:00 Main INFO Handle pID
2020-12-01.22:38:00 Main INFO pID handled: 4392
2020-12-01.22:38:00 Main INFO Handle Process
2020-12-01.22:38:00 Main INFO Success Process handle
2020-12-01.22:38:00 Main INFO Offset 4294967295 = 4294967295
2020-12-01.22:38:00 Main INFO Program stop
2020-12-01.22:38:42 Main INFO Program start
2020-12-01.22:38:42 Main INFO Handle pID
2020-12-01.22:38:42 Main INFO pID handled: 4392
2020-12-01.22:38:42 Main INFO Handle Process
2020-12-01.22:38:42 Main INFO Success Process handle
2020-12-01.22:38:42 Main INFO Offset 4294967295 = 4294967295
2020-12-01.22:38:42 Main INFO Program stop
2020-12-01.22:38:53 Main INFO Program start
2020-12-01.22:38:53 Main INFO Handle pID
2020-12-01.22:38:53 Main INFO pID handled: 4392
2020-12-01.22:38:53 Main INFO Handle Process
2020-12-01.22:38:53 Main INFO Success Process handle
2020-12-01.22:38:53 Main INFO Offset 4294967295 = 4294967295
2020-12-01.22:38:53 Main INFO Program stop
2020-12-01.22:38:59 Main INFO Program start
2020-12-01.22:38:59 Main INFO Handle pID
2020-12-01.22:38:59 Main INFO pID handled: 4392
2020-12-01.22:38:59 Main INFO Handle Process
2020-12-01.22:38:59 Main INFO Success Process handle
2020-12-01.22:38:59 Main INFO Offset 4294967295 = 4294967295
2020-12-01.22:38:59 Main INFO Program stop
2020-12-01.22:39:04 Main INFO Program start
2020-12-01.22:39:04 Main INFO Handle pID
2020-12-01.22:39:04 Main INFO pID handled: 4392
2020-12-01.22:39:04 Main INFO Handle Process
2020-12-01.22:39:04 Main INFO Success Process handle
2020-12-01.22:39:04 Main INFO Offset 4294967295 = 4294967295
2020-12-01.22:39:04 Main INFO Program stop
2020-12-01.22:39:20 Main INFO Program start
2020-12-01.22:39:20 Main INFO Handle pID
2020-12-01.22:39:20 Main INFO pID handled: 4392
2020-12-01.22:39:20 Main INFO Handle Process
2020-12-01.22:39:20 Main INFO Success Process handle
2020-12-01.22:39:20 Main INFO Offset 4294967295 = 4294967295
2020-12-01.22:39:20 Main INFO Program stop
2020-12-01.22:39:48 Main INFO Program start
2020-12-01.22:39:48 Main INFO Handle pID
2020-12-01.22:39:48 Main INFO pID handled: 3200
2020-12-01.22:39:48 Main INFO Handle Process
2020-12-01.22:39:48 Main INFO Success Process handle
2020-12-01.22:39:48 Main INFO Offset 4294967295 = 4294967295
2020-12-01.22:39:48 Main INFO Program stop
2020-12-01.22:41:29 Main INFO Program start
2020-12-01.22:41:29 Main INFO Handle pID
2020-12-01.22:41:29 Main INFO pID handled: 3200
2020-12-01.22:41:29 Main INFO Handle Process
2020-12-01.22:41:29 Main INFO Success Process handle
2020-12-01.22:41:29 Main INFO Offset 4294967295 = 4294967295
2020-12-01.22:41:29 Main INFO Program stop
2020-12-01.22:42:21 Main INFO Program start
2020-12-01.22:42:21 Main INFO Handle pID
2020-12-01.22:42:21 Main INFO pID handled: 3200
2020-12-01.22:42:21 Main INFO Handle Process
2020-12-01.22:42:21 Main INFO Success Process handle
2020-12-01.22:42:21 Main INFO Offset 230 = 230
2020-12-01.22:42:21 Main INFO Program stop
2020-12-01.22:43:54 Main INFO Program start
2020-12-01.22:43:54 Main INFO Handle pID
2020-12-01.22:43:54 Main INFO pID handled: 3200
2020-12-01.22:43:54 Main INFO Handle Process
2020-12-01.22:43:54 Main INFO Success Process handle
2020-12-01.22:43:54 Main INFO Offset 4294967295 = 4294967295
2020-12-01.22:43:54 Main INFO Program stop
2020-12-01.22:51:04 Main INFO Program start
2020-12-01.22:51:04 Main INFO Handle pID
2020-12-01.22:51:04 Main INFO pID handled: 3988
2020-12-01.22:51:04 Main INFO Handle Process
2020-12-01.22:51:04 Main INFO Success Process handle
2020-12-01.22:51:04 Main INFO Offset 4294967295 = 4294967295
2020-12-01.22:51:04 Main INFO Program stop
2020-12-01.22:56:41 Main INFO Program start
2020-12-01.22:56:41 Main INFO Handle pID
2020-12-01.22:56:41 Main INFO pID handled: 3988
2020-12-01.22:56:41 Main INFO Handle Process
2020-12-01.22:56:41 Main INFO Success Process handle
2020-12-01.22:56:41 Main INFO Offset 4294967295 = 4294967295
2020-12-01.22:56:41 Main INFO Program stop
2020-12-01.22:57:15 Main INFO Program start
2020-12-01.22:57:15 Main INFO Handle pID
2020-12-01.22:57:15 Main INFO pID handled: 3988
2020-12-01.22:57:15 Main INFO Handle Process
2020-12-01.22:57:15 Main INFO Success Process handle
2020-12-01.22:57:15 Main INFO Offset 4294967295 = 4294967295
2020-12-01.22:57:15 Main INFO Program stop
2020-12-01.22:57:50 Main INFO Program start
2020-12-01.22:57:50 Main INFO Handle pID
2020-12-01.22:57:50 Main INFO pID handled: 3988
2020-12-01.22:57:50 Main INFO Handle Process
2020-12-01.22:57:50 Main INFO Success Process handle
2020-12-01.22:57:50 Main INFO Offset 4294967295 = 4294967295
2020-12-01.22:57:50 Main INFO Program stop
2020-12-01.22:58:12 Main INFO Program start
2020-12-01.22:58:12 Main INFO Handle pID
2020-12-01.22:58:12 Main INFO pID handled: 3988
2020-12-01.22:58:12 Main INFO Handle Process
2020-12-01.22:58:12 Main INFO Success Process handle
2020-12-01.22:58:12 Main INFO Offset 4294967295 = 4294967295
2020-12-01.22:58:12 Main INFO Program stop
2020-12-01.22:58:29 Main INFO Program start
2020-12-01.22:58:29 Main INFO Handle pID
2020-12-01.22:58:29 Main INFO pID handled: 3988
2020-12-01.22:58:29 Main INFO Handle Process
2020-12-01.22:58:29 Main INFO Success Process handle
2020-12-01.22:58:29 Main INFO Offset 4294967295 = 4294967295
2020-12-01.22:58:29 Main INFO Program stop
2020-12-01.23:03:31 Main INFO Program start
2020-12-01.23:03:31 Main INFO Handle pID
2020-12-01.23:03:31 Main INFO pID handled: 3988
2020-12-01.23:03:31 Main INFO Handle Process
2020-12-01.23:03:31 Main INFO Success Process handle
2020-12-01.23:03:31 Main INFO Offset 4294967295 = 4294967295
2020-12-01.23:03:31 Main INFO Program stop
2020-12-01.23:05:03 Main INFO Program start
2020-12-01.23:05:03 Main INFO Handle pID
2020-12-01.23:05:03 Main INFO pID handled: 3988
2020-12-01.23:05:03 Main INFO Handle Process
2020-12-01.23:05:03 Main INFO Success Process handle
2020-12-01.23:05:03 Main INFO Offset 4294967295 = 4294967295
2020-12-01.23:05:03 Main INFO Program stop
2020-12-01.23:05:18 Main INFO Program start
2020-12-01.23:05:18 Main INFO Handle pID
2020-12-01.23:05:18 Main INFO pID handled: 3988
2020-12-01.23:05:18 Main INFO Handle Process
2020-12-01.23:05:19 Main INFO Success Process handle
2020-12-01.23:05:19 Main INFO Offset 4294967295 = 4294967295
2020-12-01.23:05:19 Main INFO Program stop
2020-12-01.23:05:53 Main INFO Program start
2020-12-01.23:05:53 Main INFO Handle pID
2020-12-01.23:05:53 Main INFO pID handled: 3988
2020-12-01.23:05:53 Main INFO Handle Process
2020-12-01.23:05:53 Main INFO Success Process handle
2020-12-01.23:05:53 Main INFO Offset 4294967295 = 4294967295
2020-12-01.23:05:53 Main INFO Program stop
2020-12-01.23:07:06 Main INFO Program start
2020-12-01.23:07:06 Main INFO Handle pID
2020-12-01.23:07:06 Main INFO pID handled: 3988
2020-12-01.23:07:06 Main INFO Handle Process
2020-12-01.23:07:06 Main INFO Success Process handle
2020-12-01.23:07:06 Main INFO Offset 4294967295 = 4294967295
2020-12-01.23:07:06 Main INFO Program stop
2020-12-01.23:07:44 Main INFO Program start
2020-12-01.23:07:44 Main INFO Handle pID
2020-12-01.23:07:44 Main INFO pID handled: 3988
2020-12-01.23:07:44 Main INFO Handle Process
2020-12-01.23:07:44 Main INFO Success Process handle
2020-12-01.23:07:44 Main INFO Offset 4294967295 = 4294967295
2020-12-01.23:07:44 Main INFO Program stop
2020-12-01.23:09:03 Main INFO Program start
2020-12-01.23:09:03 Main INFO Handle pID
2020-12-01.23:09:03 Main INFO pID handled: 3988
2020-12-01.23:09:03 Main INFO Handle Process
2020-12-01.23:09:03 Main INFO Success Process handle
2020-12-01.23:09:03 Main INFO Program stop
2020-12-01.23:09:55 Main INFO Program start
2020-12-01.23:09:55 Main INFO Handle pID
2020-12-01.23:09:55 Main INFO pID handled: 3988
2020-12-01.23:09:55 Main INFO Handle Process
2020-12-01.23:09:55 Main INFO Success Process handle
2020-12-01.23:09:55 Main INFO Program stop
2020-12-01.23:10:28 Main INFO Program start
2020-12-01.23:10:28 Main INFO Handle pID
2020-12-01.23:10:28 Main INFO pID handled: 3988
2020-12-01.23:10:28 Main INFO Handle Process
2020-12-01.23:10:28 Main INFO Success Process handle
2020-12-01.23:10:28 Main INFO Program stop
2020-12-01.23:23:05 Main INFO Program start
2020-12-01.23:23:05 Main INFO Handle pID
2020-12-01.23:23:05 Main INFO pID handled: 3988
2020-12-01.23:23:05 Main INFO Handle Process
2020-12-01.23:23:05 Main INFO Success Process handle
2020-12-01.23:23:05 Main INFO Program stop
2020-12-01.23:23:27 Main INFO Program start
2020-12-01.23:23:27 Main INFO Handle pID
2020-12-01.23:23:27 Main INFO pID handled: 3988
2020-12-01.23:23:27 Main INFO Handle Process
2020-12-01.23:23:27 Main INFO Success Process handle
2020-12-01.23:23:27 Main INFO Program stop
2020-12-01.23:23:57 Main INFO Program start
2020-12-01.23:23:57 Main INFO Handle pID
2020-12-01.23:23:57 Main INFO pID handled: 3988
2020-12-01.23:23:57 Main INFO Handle Process
2020-12-01.23:23:57 Main INFO Success Process handle
2020-12-01.23:23:57 Main INFO Program stop
2020-12-01.23:24:02 Main INFO Program start
2020-12-01.23:24:02 Main INFO Handle pID
2020-12-01.23:24:02 Main INFO pID handled: 3988
2020-12-01.23:24:02 Main INFO Handle Process
2020-12-01.23:24:02 Main INFO Success Process handle
2020-12-01.23:24:02 Main INFO Program stop
2020-12-01.23:24:54 Main INFO Program start
2020-12-01.23:24:54 Main INFO Handle pID
2020-12-01.23:24:54 Main INFO pID handled: 3988
2020-12-01.23:24:54 Main INFO Handle Process
2020-12-01.23:24:54 Main INFO Success Process handle
2020-12-01.23:24:54 Main INFO Program stop
2020-12-01.23:25:13 Main INFO Program start
2020-12-01.23:25:13 Main INFO Handle pID
2020-12-01.23:25:13 Main INFO pID handled: 3988
2020-12-01.23:25:13 Main INFO Handle Process
2020-12-01.23:25:13 Main INFO Success Process handle
2020-12-01.23:25:13 Main INFO Program stop
2020-12-01.23:25:40 Main INFO Program start
2020-12-01.23:25:40 Main INFO Handle pID
2020-12-01.23:25:40 Main INFO pID handled: 4504
2020-12-01.23:25:40 Main INFO Handle Process
2020-12-01.23:25:40 Main INFO Success Process handle
2020-12-01.23:25:40 Main INFO Program stop
2020-12-01.23:27:03 Main INFO Program start
2020-12-01.23:27:03 Main INFO Handle pID
2020-12-01.23:27:03 Main INFO pID handled: 4504
2020-12-01.23:27:03 Main INFO Handle Process
2020-12-01.23:27:03 Main INFO Success Process handle
2020-12-01.23:27:03 Main INFO Program stop
2020-12-01.23:27:23 Main INFO Program start
2020-12-01.23:27:23 Main INFO Handle pID
2020-12-01.23:27:23 Main INFO pID handled: 3560
2020-12-01.23:27:23 Main INFO Handle Process
2020-12-01.23:27:23 Main INFO Success Process handle
2020-12-01.23:27:23 Main INFO Program stop
2020-12-01.23:27:52 Main INFO Program start
2020-12-01.23:27:52 Main INFO Handle pID
2020-12-01.23:27:52 Main INFO pID handled: 3560
2020-12-01.23:27:52 Main INFO Handle Process
2020-12-01.23:27:52 Main INFO Success Process handle
2020-12-01.23:27:52 Main INFO Program stop
2020-12-01.23:28:28 Main INFO Program start
2020-12-01.23:28:28 Main INFO Handle pID
2020-12-01.23:28:28 Main INFO pID handled: 3560
2020-12-01.23:28:28 Main INFO Handle Process
2020-12-01.23:28:28 Main INFO Success Process handle
2020-12-01.23:28:28 Main INFO Offset 20 = 20
2020-12-01.23:28:28 Main INFO Program stop
2020-12-01.23:30:17 Main INFO Program start
2020-12-01.23:30:17 Main INFO Handle pID
2020-12-01.23:30:17 Main INFO pID handled: 3560
2020-12-01.23:30:17 Main INFO Handle Process
2020-12-01.23:30:17 Main INFO Success Process handle
2020-12-01.23:30:17 Main INFO Offset 4294953940 = 15
2020-12-01.23:30:17 Main INFO Program stop
2020-12-01.23:30:51 Main INFO Program start
2020-12-01.23:30:51 Main INFO Handle pID
2020-12-01.23:30:51 Main INFO pID handled: 3560
2020-12-01.23:30:51 Main INFO Handle Process
2020-12-01.23:30:51 Main INFO Success Process handle
2020-12-01.23:30:51 Main INFO Offset 4294953940 = 20
2020-12-01.23:30:51 Main INFO Offset 4294953940 = 20
2020-12-01.23:30:51 Main INFO Program stop
2020-12-01.23:31:38 Main INFO Program start
2020-12-01.23:31:38 Main INFO Handle pID
2020-12-01.23:31:38 Main INFO pID handled: 3560
2020-12-01.23:31:38 Main INFO Handle Process
2020-12-01.23:31:38 Main INFO Success Process handle
2020-12-01.23:31:38 Main INFO Offset 4294953940 = 20
2020-12-01.23:31:38 Main INFO Offset 4294953940 = 10
2020-12-01.23:31:38 Main INFO Program stop
2020-12-01.23:38:34 Main INFO Program start
2020-12-01.23:38:34 Main INFO Handle pID
2020-12-01.23:38:34 Main INFO pID handled: 9288
2020-12-01.23:38:34 Main INFO Handle Process
2020-12-01.23:38:34 Main INFO Success Process handle
2020-12-01.23:38:34 Main INFO Offset 4294953940 = 5
2020-12-01.23:38:34 Main INFO Offset 4294953940 = 4294967291
2020-12-01.23:38:34 Main INFO Program stop
2020-12-01.23:38:44 Main INFO Program start
2020-12-01.23:38:44 Main INFO Handle pID
2020-12-01.23:38:44 Main INFO pID handled: 9288
2020-12-01.23:38:44 Main INFO Handle Process
2020-12-01.23:38:44 Main INFO Success Process handle
2020-12-01.23:38:44 Main INFO Offset 4294953940 = 25
2020-12-01.23:38:44 Main INFO Offset 4294953940 = 15
2020-12-01.23:38:44 Main INFO Program stop
2020-12-01.23:41:37 Main INFO Program start
2020-12-01.23:41:37 Main INFO Handle pID
2020-12-01.23:41:37 Main INFO pID handled: 9288
2020-12-01.23:41:37 Main INFO Handle Process
2020-12-01.23:41:37 Main INFO Success Process handle
2020-12-01.23:41:37 Main INFO Value success hendled. Offset 4294953940 = 45
2020-12-01.23:41:44 Main INFO Offset 4294953940 = 46
2020-12-01.23:41:44 Main INFO Program stop
2020-12-01.23:42:08 Main INFO Program start
2020-12-01.23:42:08 Main INFO Handle pID
2020-12-01.23:42:08 Main INFO pID handled: 9288
2020-12-01.23:42:08 Main INFO Handle Process
2020-12-01.23:42:08 Main INFO Success Process handle
2020-12-01.23:42:08 Main INFO Value success hendled. Offset 4294953940 = 56
2020-12-01.23:43:11 Main INFO Program start
2020-12-01.23:43:11 Main INFO Handle pID
2020-12-01.23:43:11 Main INFO pID handled: 9288
2020-12-01.23:43:11 Main INFO Handle Process
2020-12-01.23:43:11 Main INFO Success Process handle
2020-12-01.23:43:11 Main INFO Value success hendled. Offset 4294953940 = 71
2020-12-01.23:43:15 Main INFO Offset 4294953940 = 61
2020-12-01.23:43:15 Main INFO Program stop
2020-12-01.23:43:25 Main INFO Program start
2020-12-01.23:43:25 Main INFO Handle pID
2020-12-01.23:43:25 Main INFO pID handled: 9288
2020-12-01.23:43:25 Main INFO Handle Process
2020-12-01.23:43:25 Main INFO Success Process handle
2020-12-01.23:43:25 Main INFO Value success hendled. Offset 4294953940 = 61
2020-12-01.23:43:31 Main INFO Offset 4294953940 = 60
2020-12-01.23:43:31 Main INFO Program stop
2020-12-01.23:43:39 Main INFO Program start
2020-12-01.23:43:39 Main INFO Handle pID
2020-12-01.23:43:39 Main INFO pID handled: 9288
2020-12-01.23:43:39 Main INFO Handle Process
2020-12-01.23:43:39 Main INFO Success Process handle
2020-12-01.23:43:39 Main INFO Value success hendled. Offset 4294953940 = 60
2020-12-01.23:43:42 Main INFO Offset 4294953940 = 70
2020-12-01.23:43:42 Main INFO Program stop
2020-12-01.23:44:29 Main INFO Program start
2020-12-01.23:44:29 Main INFO Handle pID
2020-12-01.23:44:29 Main INFO pID handled: 9288
2020-12-01.23:44:29 Main INFO Handle Process
2020-12-01.23:44:29 Main INFO Success Process handle
2020-12-01.23:44:29 Main INFO Value success hendled. Offset 4294953940 = 70
2020-12-01.23:44:34 Main INFO Offset 4294953940 = 120
2020-12-01.23:44:34 Main INFO Program stop
2020-12-01.23:44:36 Main INFO Program start
2020-12-01.23:44:36 Main INFO Handle pID
2020-12-01.23:44:36 Main INFO pID handled: 9288
2020-12-01.23:44:36 Main INFO Handle Process
2020-12-01.23:44:36 Main INFO Success Process handle
2020-12-01.23:44:36 Main INFO Value success hendled. Offset 4294953940 = 120
2020-12-01.23:45:31 Main INFO Offset 4294953940 = 121
2020-12-01.23:45:31 Main INFO Program stop
2020-12-01.23:45:51 Main INFO Program start
2020-12-01.23:45:51 Main INFO Handle pID
2020-12-01.23:45:51 Main INFO pID handled: 9288
2020-12-01.23:45:51 Main INFO Handle Process
2020-12-01.23:45:51 Main INFO Success Process handle
2020-12-01.23:45:51 Main INFO Value success hendled. Offset 4294953940 = 121
2020-12-01.23:45:53 Main INFO Offset 4294953940 = 131
2020-12-01.23:45:53 Main INFO Program stop
2020-12-01.23:46:09 Main INFO Program start
2020-12-01.23:46:09 Main INFO Handle pID
2020-12-01.23:46:09 Main INFO pID handled: 9288
2020-12-01.23:46:09 Main INFO Handle Process
2020-12-01.23:46:09 Main INFO Success Process handle
2020-12-01.23:46:09 Main INFO Value success hendled. Offset 4294953940 = 131
2020-12-01.23:46:11 Main INFO Offset 4294953940 = 141
2020-12-01.23:46:11 Main INFO Program stop
2020-12-01.23:46:28 Main INFO Program start
2020-12-01.23:46:28 Main INFO Handle pID
2020-12-01.23:46:28 Main INFO pID handled: 9288
2020-12-01.23:46:28 Main INFO Handle Process
2020-12-01.23:46:28 Main INFO Success Process handle
2020-12-01.23:46:28 Main INFO Value success hendled. Offset 4294953940 = 141
2020-12-01.23:46:37 Main INFO Offset 4294953940 = 140
2020-12-01.23:46:37 Main INFO Program stop
2020-12-01.23:58:22 Main INFO Program start
2020-12-01.23:58:22 Main INFO Handle pID
2020-12-01.23:58:22 Main INFO pID handled: 9288
2020-12-01.23:58:22 Main INFO Handle Process
2020-12-01.23:58:22 Main INFO Success Process handle
2020-12-01.23:58:22 Main INFO Value success hendled. Offset 4294953940 = 140
2020-12-01.23:58:42 Main INFO Offset 4294953940 = 130
2020-12-01.23:58:42 Main INFO Program stop
2020-12-01.23:58:52 Main INFO Program start
2020-12-01.23:58:52 Main INFO Handle pID
2020-12-01.23:58:52 Main INFO pID handled: 9288
2020-12-01.23:58:52 Main INFO Handle Process
2020-12-01.23:58:52 Main INFO Success Process handle
2020-12-01.23:58:52 Main INFO Value success hendled. Offset 4294953940 = 135
2020-12-01.23:59:38 Main INFO Offset 4294953940 = 235
2020-12-01.23:59:38 Main INFO Program stop
2020-12-01.23:59:50 Main INFO Program start
2020-12-01.23:59:50 Main INFO Handle pID
2020-12-01.23:59:50 Main INFO pID handled: 9288
2020-12-01.23:59:50 Main INFO Handle Process
2020-12-01.23:59:50 Main INFO Success Process handle
2020-12-01.23:59:50 Main INFO Value success hendled. Offset 4294953940 = 305
2020-12-02.00:00:10 Main INFO Offset 4294953940 = 0
2020-12-02.00:00:10 Main INFO Program stop
2020-12-02.00:20:07 Main INFO Program start
2020-12-02.00:20:07 Main INFO Handle pID
2020-12-02.00:20:07 Main INFO pID handled: 9288
2020-12-02.00:20:07 Main INFO Handle Process
2020-12-02.00:20:07 Main INFO Success Process handle
2020-12-02.00:20:07 Main INFO Value success hendled. Offset 4294953940 = 5
2020-12-02.00:20:17 Main INFO Offset 4294953940 = 100000005
2020-12-02.00:20:17 Main INFO Program stop
2020-12-02.00:25:18 Main INFO Program start
2020-12-02.00:25:18 Main INFO Handle pID
2020-12-02.00:25:18 Main INFO pID handled: 9288
2020-12-02.00:25:18 Main INFO Handle Process
2020-12-02.00:25:18 Main INFO Success Process handle
2020-12-02.00:25:18 Main INFO Value success hendled. Offset 4294953940 = 3
2020-12-02.00:25:20 Main INFO Offset 4294953940 = 13
2020-12-02.00:25:20 Main INFO Program stop
2020-12-02.02:35:10 Main INFO Program start
2020-12-02.02:36:24 Main INFO Program start
2020-12-02.02:37:42 Main INFO Program start
2020-12-02.02:39:19 Main INFO Program start
2020-12-02.02:39:40 Main INFO Program start
2020-12-02.02:39:40 Main INFO Handle pID
2020-12-02.02:39:40 Main INFO pID handled: 9288
2020-12-02.02:39:40 Main INFO Handle Process
2020-12-02.02:39:40 Main INFO Success Process handle
2020-12-02.02:39:40 Main INFO Value success handled. address 2148788587 = 0
2020-12-02.02:39:40 Main INFO address 2148788587 = 0
2020-12-02.02:39:40 Main INFO Program stop
2020-12-02.02:42:41 Main INFO Program start
2020-12-02.02:43:03 Main INFO Program start
2020-12-02.02:43:03 Main INFO Handle pID
2020-12-02.02:43:03 Main INFO pID handled: 9288
2020-12-02.02:43:03 Main INFO Handle Process
2020-12-02.02:43:03 Main INFO Success Process handle
2020-12-02.02:43:03 Main INFO Value success handled. address 2148788587 = 0
2020-12-02.02:43:03 Main INFO address 2148788587 = 0
2020-12-02.02:43:03 Main INFO Program stop
2020-12-02.02:43:55 Main INFO Program start
2020-12-02.02:44:04 Main INFO Program start
2020-12-02.02:44:04 Main INFO Handle pID
2020-12-02.02:44:04 Main INFO pID handled: 9288
2020-12-02.02:44:04 Main INFO Handle Process
2020-12-02.02:44:04 Main INFO Success Process handle
2020-12-02.02:44:04 Main INFO Value success handled. address 2148788587 = 0
2020-12-02.02:44:04 Main INFO address 2148788587 = 0
2020-12-02.02:44:04 Main INFO Program stop
2020-12-02.02:44:29 Main INFO Program start
2020-12-02.02:44:40 Main INFO Program start
2020-12-02.02:44:40 Main INFO Handle pID
2020-12-02.02:44:40 Main INFO pID handled: 9288
2020-12-02.02:44:40 Main INFO Handle Process
2020-12-02.02:44:40 Main INFO Success Process handle
2020-12-02.02:44:40 Main INFO Value success handled. address 2148788587 = 0
2020-12-02.02:44:40 Main INFO address 2148788587 = 0
2020-12-02.02:44:40 Main INFO Program stop
2020-12-02.02:45:25 Main INFO Program start
2020-12-02.02:45:31 Main INFO Program start
2020-12-02.02:45:31 Main INFO Handle pID
2020-12-02.02:45:31 Main INFO pID handled: 9288
2020-12-02.02:45:31 Main INFO Handle Process
2020-12-02.02:45:31 Main INFO Success Process handle
2020-12-02.02:45:31 Main INFO Value success handled. address 2148788587 = 0
2020-12-02.02:45:31 Main INFO address 2148788587 = 0
2020-12-02.02:45:31 Main INFO Program stop
2020-12-02.02:46:35 Main INFO Program start
2020-12-02.02:46:44 Main INFO Handle pID
2020-12-02.02:46:44 Main INFO pID handled: 9288
2020-12-02.02:46:44 Main INFO Handle Process
2020-12-02.02:46:44 Main INFO Success Process handle
2020-12-02.02:46:44 Main INFO Value success handled. address 1 = 0
2020-12-02.02:46:44 Main INFO address 1 = 0
2020-12-02.02:46:44 Main INFO Program stop
2020-12-02.02:47:12 Main INFO Program start
2020-12-02.02:47:17 Main INFO Handle pID
2020-12-02.02:47:17 Main INFO pID handled: 9288
2020-12-02.02:47:17 Main INFO Handle Process
2020-12-02.02:47:17 Main INFO Success Process handle
2020-12-02.02:47:17 Main INFO Value success handled. address 1 = 0
2020-12-02.02:47:17 Main INFO address 1 = 0
2020-12-02.02:47:17 Main INFO Program stop
2020-12-02.04:51:27 Main INFO Program start
2020-12-02.04:51:39 Main INFO Program start
2020-12-02.04:51:39 Main INFO Handle pID
2020-12-02.04:51:39 Main INFO pID handled: 9288
2020-12-02.04:51:39 Main INFO Handle Process
2020-12-02.04:51:39 Main INFO Success Process handle
2020-12-02.04:51:39 Main INFO Value success handled. address 2148788587 = 0
2020-12-02.04:51:39 Main INFO address 2148788587 = 0
2020-12-02.04:51:39 Main INFO Program stop
2020-12-02.05:00:58 Main INFO Program start
2020-12-02.05:02:08 Main INFO Program start
2020-12-02.05:39:43 Main INFO Program start
2020-12-02.05:42:11 Main INFO Program start
2020-12-02.05:42:18 Main INFO Handle pID
2020-12-02.05:42:18 Main INFO pID handled: 12692
2020-12-02.05:42:18 Main INFO Handle Process
2020-12-02.05:42:18 Main INFO Success Process handle
2020-12-02.05:42:22 Main INFO Value success handled. address 2149557876 = 0
2020-12-02.05:42:22 Main INFO address 2149557876 = 0
2020-12-02.05:42:22 Main INFO Program stop
2020-12-02.05:43:28 Main INFO Program start
2020-12-02.05:43:28 Main INFO Handle pID
2020-12-02.05:43:28 Main INFO pID handled: 12692
2020-12-02.05:43:28 Main INFO Handle Process
2020-12-02.05:43:28 Main INFO Success Process handle
2020-12-02.05:44:27 Main INFO Program start
2020-12-02.05:44:27 Main INFO Handle pID
2020-12-02.05:44:27 Main INFO pID handled: 12692
2020-12-02.05:44:27 Main INFO Handle Process
2020-12-02.05:44:27 Main INFO Success Process handle
2020-12-02.05:44:57 Main INFO Value success handled. address 4294953940 = 45
2020-12-02.05:44:57 Main INFO address 4294953940 = 45
2020-12-02.05:44:57 Main INFO Program stop
2020-12-02.05:45:05 Main INFO Program start
2020-12-02.05:45:05 Main INFO Handle pID
2020-12-02.05:45:05 Main INFO pID handled: 12692
2020-12-02.05:45:05 Main INFO Handle Process
2020-12-02.05:45:05 Main INFO Success Process handle
2020-12-02.05:45:09 Main INFO Value success handled. address 4294953940 = 50
2020-12-02.05:45:09 Main INFO address 4294953940 = 50
2020-12-02.05:45:09 Main INFO Program stop
2020-12-02.06:07:11 Main INFO Program start
2020-12-02.06:07:11 Main INFO Handle pID
2020-12-02.06:07:11 Main INFO pID handled: 10744
2020-12-02.06:07:11 Main INFO Handle Process
2020-12-02.06:07:11 Main INFO Success Process handle
2020-12-02.06:07:20 Main INFO Value success handled. address 4294953940 = 0
2020-12-02.06:07:20 Main INFO address 4294953940 = 0
2020-12-02.06:07:20 Main INFO Program stop
2020-12-02.06:07:40 Main INFO Program start
2020-12-02.06:07:40 Main INFO Handle pID
2020-12-02.06:07:40 Main INFO pID handled: 10744
2020-12-02.06:07:40 Main INFO Handle Process
2020-12-02.06:07:40 Main INFO Success Process handle
2020-12-02.06:07:46 Main INFO Value success handled. address 4294953940 = 20
2020-12-02.06:07:46 Main INFO address 4294953940 = 20
2020-12-02.06:07:46 Main INFO Program stop
2020-12-02.06:08:06 Main INFO Program start
2020-12-02.06:08:06 Main INFO Handle pID
2020-12-02.06:08:06 Main INFO pID handled: 10744
2020-12-02.06:08:06 Main INFO Handle Process
2020-12-02.06:08:06 Main INFO Success Process handle
2020-12-02.06:08:26 Main INFO Program start
2020-12-02.06:08:26 Main INFO Handle pID
2020-12-02.06:08:26 Main INFO pID handled: 10744
2020-12-02.06:08:26 Main INFO Handle Process
2020-12-02.06:08:26 Main INFO Success Process handle
2020-12-02.06:08:29 Main INFO Value success handled. address 4294953940 = 20
2020-12-02.06:08:29 Main INFO address 4294953940 = 10
2020-12-02.06:08:29 Main INFO Program stop
2020-12-02.06:18:44 Main INFO Program start
2020-12-02.06:18:44 Main INFO Handle pID
2020-12-02.06:18:44 Main INFO pID handled: 10744
2020-12-02.06:18:44 Main INFO Handle Process
2020-12-02.06:18:44 Main INFO Success Process handle
2020-12-02.06:18:49 Main INFO Value success handled. address 4294953940 = 30
2020-12-02.06:18:49 Main INFO address 4294953940 = 30
2020-12-02.06:18:49 Main INFO Program stop
2020-12-02.06:19:26 Main INFO Program start
2020-12-02.06:19:26 Main INFO Handle pID
2020-12-02.06:19:26 Main INFO pID handled: 10744
2020-12-02.06:19:26 Main INFO Handle Process
2020-12-02.06:19:26 Main INFO Success Process handle
2020-12-02.06:20:27 Main INFO Value success handled. address 4294953940 = 30
2020-12-02.06:20:27 Main INFO address 4294953940 = 0
2020-12-02.06:20:27 Main INFO Program stop
2020-12-02.06:21:54 Main INFO Program start
2020-12-02.06:21:54 Main INFO Handle pID
2020-12-02.06:21:54 Main INFO pID handled: 10744
2020-12-02.06:21:54 Main INFO Handle Process
2020-12-02.06:21:54 Main INFO Success Process handle
2020-12-02.06:22:13 Main INFO Program start
2020-12-02.06:22:13 Main INFO Handle pID
2020-12-02.06:22:13 Main INFO pID handled: 10744
2020-12-02.06:22:13 Main INFO Handle Process
2020-12-02.06:22:13 Main INFO Success Process handle
2020-12-02.06:22:15 Main INFO Program start
2020-12-02.06:22:15 Main INFO Handle pID
2020-12-02.06:22:15 Main INFO pID handled: 10744
2020-12-02.06:22:15 Main INFO Handle Process
2020-12-02.06:22:15 Main INFO Success Process handle
2020-12-02.06:23:34 Main INFO Program start
2020-12-02.06:23:34 Main INFO Handle pID
2020-12-02.06:23:34 Main INFO pID handled: 10744
2020-12-02.06:23:34 Main INFO Handle Process
2020-12-02.06:23:34 Main INFO Success Process handle
2020-12-02.06:23:38 Main INFO Program start
2020-12-02.06:23:38 Main INFO Handle pID
2020-12-02.06:23:38 Main INFO pID handled: 10744
2020-12-02.06:23:38 Main INFO Handle Process
2020-12-02.06:23:38 Main INFO Success Process handle
2020-12-02.06:24:13 Main INFO Program start
2020-12-02.06:24:13 Main INFO Handle pID
2020-12-02.06:24:13 Main INFO pID handled: 10744
2020-12-02.06:24:13 Main INFO Handle Process
2020-12-02.06:24:13 Main INFO Success Process handle
2020-12-02.06:24:14 Main INFO Program start
2020-12-02.06:24:14 Main INFO Handle pID
2020-12-02.06:24:14 Main INFO pID handled: 10744
2020-12-02.06:24:14 Main INFO Handle Process
2020-12-02.06:24:14 Main INFO Success Process handle
2020-12-02.06:24:16 Main INFO Program start
2020-12-02.06:24:16 Main INFO Handle pID
2020-12-02.06:24:16 Main INFO pID handled: 10744
2020-12-02.06:24:16 Main INFO Handle Process
2020-12-02.06:24:16 Main INFO Success Process handle
2020-12-02.06:24:27 Main INFO Program start
2020-12-02.06:24:27 Main INFO Handle pID
2020-12-02.06:24:27 Main INFO pID handled: 10744
2020-12-02.06:24:27 Main INFO Handle Process
2020-12-02.06:24:27 Main INFO Success Process handle
2020-12-02.06:24:31 Main INFO Program start
2020-12-02.06:24:31 Main INFO Handle pID
2020-12-02.06:24:31 Main INFO pID handled: 10744
2020-12-02.06:24:31 Main INFO Handle Process
2020-12-02.06:24:31 Main INFO Success Process handle
2020-12-02.06:24:32 Main INFO Program start
2020-12-02.06:24:32 Main INFO Handle pID
2020-12-02.06:24:32 Main INFO pID handled: 10744
2020-12-02.06:24:32 Main INFO Handle Process
2020-12-02.06:24:32 Main INFO Success Process handle
2020-12-02.06:24:32 Main INFO Program start
2020-12-02.06:24:32 Main INFO Handle pID
2020-12-02.06:24:32 Main INFO pID handled: 10744
2020-12-02.06:24:32 Main INFO Handle Process
2020-12-02.06:24:32 Main INFO Success Process handle
2020-12-02.06:24:36 Main INFO Value success handled. address 4294953940 = 20
2020-12-02.06:24:36 Main INFO address 4294953940 = 2
2020-12-02.06:24:36 Main INFO Program start
2020-12-02.06:24:36 Main INFO Handle pID
2020-12-02.06:24:36 Main INFO pID handled: 10744
2020-12-02.06:24:36 Main INFO Handle Process
2020-12-02.06:24:36 Main INFO Success Process handle
2020-12-02.06:25:40 Main INFO Program start
2020-12-02.06:25:40 Main INFO Handle pID
2020-12-02.06:25:40 Main INFO pID handled: 10744
2020-12-02.06:25:40 Main INFO Handle Process
2020-12-02.06:25:40 Main INFO Success Process handle
2020-12-02.06:25:41 Main INFO Program start
2020-12-02.06:25:41 Main INFO Handle pID
2020-12-02.06:25:41 Main INFO pID handled: 10744
2020-12-02.06:25:41 Main INFO Handle Process
2020-12-02.06:25:41 Main INFO Success Process handle
2020-12-02.06:26:59 Main INFO Program start
2020-12-02.06:26:59 Main INFO Handle pID
2020-12-02.06:26:59 Main INFO pID handled: 10744
2020-12-02.06:26:59 Main INFO Handle Process
2020-12-02.06:26:59 Main INFO Success Process handle
2020-12-02.06:27:18 Main INFO Program start
2020-12-02.06:27:18 Main INFO Handle pID
2020-12-02.06:27:18 Main INFO pID handled: 10744
2020-12-02.06:27:18 Main INFO Handle Process
2020-12-02.06:27:18 Main INFO Success Process handle
2020-12-02.06:27:38 Main INFO Program start
2020-12-02.06:27:38 Main INFO Handle pID
2020-12-02.06:27:38 Main INFO pID handled: 10744
2020-12-02.06:27:38 Main INFO Handle Process
2020-12-02.06:27:38 Main INFO Success Process handle
2020-12-02.06:27:40 Main INFO Program start
2020-12-02.06:27:40 Main INFO Handle pID
2020-12-02.06:27:40 Main INFO pID handled: 10744
2020-12-02.06:27:40 Main INFO Handle Process
2020-12-02.06:27:40 Main INFO Success Process handle
2020-12-02.06:34:27 Main INFO Program start
2020-12-02.06:34:27 Main INFO Handle pID
2020-12-02.06:34:27 Main INFO pID handled: 10744
2020-12-02.06:34:27 Main INFO Handle Process
2020-12-02.06:34:27 Main INFO Success Process handle
2020-12-02.06:34:29 Main INFO Program start
2020-12-02.06:34:29 Main INFO Handle pID
2020-12-02.06:34:29 Main INFO pID handled: 10744
2020-12-02.06:34:29 Main INFO Handle Process
2020-12-02.06:34:29 Main INFO Success Process handle
2020-12-02.06:34:39 Main INFO Value success handled. address 4294953940 = 2
2020-12-02.06:34:39 Main INFO address 4294953940 = 10
2020-12-02.06:34:39 Main INFO Program start
2020-12-02.06:34:39 Main INFO Handle pID
2020-12-02.06:34:39 Main INFO pID handled: 10744
2020-12-02.06:34:39 Main INFO Handle Process
2020-12-02.06:34:39 Main INFO Success Process handle
2020-12-02.06:34:42 Main INFO Program start
2020-12-02.06:34:42 Main INFO Handle pID
2020-12-02.06:34:42 Main INFO pID handled: 10744
2020-12-02.06:34:42 Main INFO Handle Process
2020-12-02.06:34:42 Main INFO Success Process handle
2020-12-02.06:34:44 Main INFO Program start
2020-12-02.06:34:44 Main INFO Handle pID
2020-12-02.06:34:44 Main INFO pID handled: 10744
2020-12-02.06:34:44 Main INFO Handle Process
2020-12-02.06:34:44 Main INFO Success Process handle
2020-12-02.06:35:32 Main INFO Program start
2020-12-02.06:35:32 Main INFO Handle pID
2020-12-02.06:35:32 Main INFO pID handled: 10744
2020-12-02.06:35:32 Main INFO Handle Process
2020-12-02.06:35:32 Main INFO Success Process handle
2020-12-02.06:35:34 Main INFO Program stop
2020-12-02.06:35:37 Main INFO Program start
2020-12-02.06:35:37 Main INFO Handle pID
2020-12-02.06:35:37 Main INFO pID handled: 10744
2020-12-02.06:35:37 Main INFO Handle Process
2020-12-02.06:35:37 Main INFO Success Process handle
2020-12-02.06:35:41 Main INFO Value success handled. address 4294953940 = 20
2020-12-02.06:35:41 Main INFO address 4294953940 = 1
2020-12-02.06:35:41 Main INFO Program start
2020-12-02.06:35:41 Main INFO Handle pID
2020-12-02.06:35:41 Main INFO pID handled: 10744
2020-12-02.06:35:41 Main INFO Handle Process
2020-12-02.06:35:41 Main INFO Success Process handle
2020-12-02.06:35:43 Main INFO Program start
2020-12-02.06:35:43 Main INFO Handle pID
2020-12-02.06:35:43 Main INFO pID handled: 10744
2020-12-02.06:35:43 Main INFO Handle Process
2020-12-02.06:35:43 Main INFO Success Process handle
2020-12-02.06:36:41 Main INFO Program start
2020-12-02.06:36:41 Main INFO Handle pID
2020-12-02.06:36:41 Main INFO pID handled: 10744
2020-12-02.06:36:41 Main INFO Handle Process
2020-12-02.06:36:41 Main INFO Success Process handle
2020-12-02.06:36:47 Main INFO Value success handled. address 4294953940 = 1
2020-12-02.06:36:47 Main INFO address 4294953940 = 0
2020-12-02.06:36:47 Main INFO Program start
2020-12-02.06:36:47 Main INFO Handle pID
2020-12-02.06:36:47 Main INFO pID handled: 10744
2020-12-02.06:36:47 Main INFO Handle Process
2020-12-02.06:36:47 Main INFO Success Process handle
2020-12-02.06:36:52 Main INFO Value success handled. address 4294953940 = 0
2020-12-02.06:36:52 Main INFO address 4294953940 = 10
2020-12-02.06:36:52 Main INFO Program start
2020-12-02.06:36:52 Main INFO Handle pID
2020-12-02.06:36:52 Main INFO pID handled: 10744
2020-12-02.06:36:52 Main INFO Handle Process
2020-12-02.06:36:52 Main INFO Success Process handle
2020-12-02.06:37:25 Main INFO Program stop
2020-12-02.06:37:43 Main INFO Program start
2020-12-02.06:37:43 Main INFO Handle pID
2020-12-02.06:37:43 Main INFO pID handled: 10744
2020-12-02.06:37:43 Main INFO Handle Process
2020-12-02.06:37:43 Main INFO Success Process handle
2020-12-02.06:38:03 Main INFO Program start
2020-12-02.06:38:03 Main INFO Handle pID
2020-12-02.06:38:03 Main INFO pID handled: 10744
2020-12-02.06:38:03 Main INFO Handle Process
2020-12-02.06:38:03 Main INFO Success Process handle
2020-12-02.06:38:38 Main DEBUG Value success handled. address 4294953940 = 10
2020-12-02.06:38:38 Main DEBUG address 4294953940 = 2
2020-12-02.06:38:38 Main INFO Program start
2020-12-02.06:38:38 Main INFO Handle pID
2020-12-02.06:38:38 Main INFO pID handled: 10744
2020-12-02.06:38:38 Main INFO Handle Process
2020-12-02.06:38:38 Main INFO Success Process handle
2020-12-02.06:58:39 Main INFO Program start
2020-12-02.06:58:39 Main INFO Handle pID
2020-12-02.06:58:39 Main INFO pID handled: 10744
2020-12-02.06:58:39 Main INFO Handle Process
2020-12-02.06:58:39 Main INFO Success Process handle
2020-12-02.06:58:48 Main DEBUG Value success handled. address 4294953940 = 0
2020-12-02.06:58:48 Main DEBUG address 4294953940 = 1
2020-12-02.06:58:48 Main INFO Program start
2020-12-02.06:58:48 Main INFO Handle pID
2020-12-02.06:58:48 Main INFO pID handled: 10744
2020-12-02.06:58:48 Main INFO Handle Process
2020-12-02.06:58:48 Main INFO Success Process handle
2020-12-02.06:58:56 Main DEBUG Value success handled. address 4294953940 = 0
2020-12-02.06:58:56 Main DEBUG address 4294953940 = 1
2020-12-02.06:58:56 Main INFO Program start
2020-12-02.06:58:56 Main INFO Handle pID
2020-12-02.06:58:56 Main INFO pID handled: 10744
2020-12-02.06:58:56 Main INFO Handle Process
2020-12-02.06:58:56 Main INFO Success Process handle
2020-12-02.06:59:14 Main INFO Program start
2020-12-02.06:59:14 Main INFO Handle pID
2020-12-02.06:59:14 Main INFO pID handled: 10744
2020-12-02.06:59:14 Main INFO Handle Process
2020-12-02.06:59:14 Main INFO Success Process handle
2020-12-02.06:59:17 Main DEBUG Value success handled. address 4294953940 = 0
2020-12-02.06:59:17 Main DEBUG address 4294953940 = 0
2020-12-02.06:59:17 Main INFO Program start
2020-12-02.06:59:17 Main INFO Handle pID
2020-12-02.06:59:17 Main INFO pID handled: 10744
2020-12-02.06:59:17 Main INFO Handle Process
2020-12-02.06:59:17 Main INFO Success Process handle
2020-12-02.06:59:22 Main DEBUG Value success handled. address 4294953940 = 0
2020-12-02.06:59:22 Main DEBUG address 4294953940 = 0
2020-12-02.06:59:22 Main INFO Program start
2020-12-02.06:59:22 Main INFO Handle pID
2020-12-02.06:59:22 Main INFO pID handled: 10744
2020-12-02.06:59:22 Main INFO Handle Process
2020-12-02.06:59:22 Main INFO Success Process handle
2020-12-02.06:59:53 Main INFO Program start
2020-12-02.06:59:53 Main INFO Handle pID
2020-12-02.06:59:53 Main INFO pID handled: 10744
2020-12-02.06:59:53 Main INFO Handle Process
2020-12-02.06:59:53 Main INFO Success Process handle
2020-12-02.07:01:11 Main INFO Program start
2020-12-02.07:01:11 Main INFO Handle pID
2020-12-02.07:01:11 Main INFO pID handled: 10744
2020-12-02.07:01:11 Main INFO Handle Process
2020-12-02.07:01:11 Main INFO Success Process handle
2020-12-02.07:02:02 Main DEBUG Value success handled. address 4294953940 = 0
2020-12-02.07:02:02 Main DEBUG address 4294953940 = 10
2020-12-02.07:02:02 Main INFO Program start
2020-12-02.07:02:02 Main INFO Handle pID
2020-12-02.07:02:02 Main INFO pID handled: 10744
2020-12-02.07:02:02 Main INFO Handle Process
2020-12-02.07:02:02 Main INFO Success Process handle
2020-12-02.07:02:07 Main DEBUG Value success handled. address 4294953940 = 0
2020-12-02.07:02:07 Main DEBUG address 4294953940 = 111
2020-12-02.07:02:07 Main INFO Program start
2020-12-02.07:02:07 Main INFO Handle pID
2020-12-02.07:02:07 Main INFO pID handled: 10744
2020-12-02.07:02:07 Main INFO Handle Process
2020-12-02.07:02:07 Main INFO Success Process handle
2020-12-02.07:03:09 Main INFO Program start
2020-12-02.07:03:09 Main INFO Handle pID
2020-12-02.07:03:09 Main INFO pID handled: 10744
2020-12-02.07:03:09 Main INFO Handle Process
2020-12-02.07:03:09 Main INFO Success Process handle
2020-12-02.07:03:27 Main DEBUG Value success handled. address 4294953940 = 0
2020-12-02.07:03:27 Main DEBUG address 4294953940 = 10
2020-12-02.07:03:27 Main INFO Program start
2020-12-02.07:03:27 Main INFO Handle pID
2020-12-02.07:03:27 Main INFO pID handled: 10744
2020-12-02.07:03:27 Main INFO Handle Process
2020-12-02.07:03:27 Main INFO Success Process handle
2020-12-02.07:03:31 Main DEBUG Value success handled. address 4294953940 = 0
2020-12-02.07:03:31 Main DEBUG address 4294953940 = 1111
2020-12-02.07:03:31 Main INFO Program start
2020-12-02.07:03:31 Main INFO Handle pID
2020-12-02.07:03:31 Main INFO pID handled: 10744
2020-12-02.07:03:31 Main INFO Handle Process
2020-12-02.07:03:31 Main INFO Success Process handle
2020-12-02.07:03:44 Main INFO Program start
2020-12-02.07:03:44 Main INFO Handle pID
2020-12-02.07:03:44 Main INFO pID handled: 10744
2020-12-02.07:03:44 Main INFO Handle Process
2020-12-02.07:03:44 Main INFO Success Process handle
2020-12-02.07:03:47 Main DEBUG Value success handled. address 4294953940 = 0
2020-12-02.07:03:47 Main DEBUG address 4294953940 = 0
2020-12-02.07:03:47 Main INFO Program start
2020-12-02.07:03:47 Main INFO Handle pID
2020-12-02.07:03:47 Main INFO pID handled: 10744
2020-12-02.07:03:47 Main INFO Handle Process
2020-12-02.07:03:47 Main INFO Success Process handle
2020-12-02.07:04:20 Main INFO Program start
2020-12-02.07:04:20 Main INFO Handle pID
2020-12-02.07:04:20 Main INFO pID handled: 10744
2020-12-02.07:04:20 Main INFO Handle Process
2020-12-02.07:04:20 Main INFO Success Process handle
2020-12-02.07:05:11 Main DEBUG Value success handled. address 4294953940 = 10
2020-12-02.07:05:11 Main DEBUG address 4294953940 = 100
2020-12-02.07:05:11 Main INFO Program start
2020-12-02.07:05:11 Main INFO Handle pID
2020-12-02.07:05:11 Main INFO pID handled: 10744
2020-12-02.07:05:11 Main INFO Handle Process
2020-12-02.07:05:11 Main INFO Success Process handle
2020-12-02.07:05:41 Main INFO Program start
2020-12-02.07:05:41 Main INFO Handle pID
2020-12-02.07:05:41 Main INFO pID handled: 10744
2020-12-02.07:05:41 Main INFO Handle Process
2020-12-02.07:05:41 Main INFO Success Process handle
2020-12-02.07:06:39 Main DEBUG Value success handled. address 4294953940 = 100
2020-12-02.07:06:39 Main DEBUG New value for address 4294953940 = 10
2020-12-02.07:06:39 Main INFO Program start
2020-12-02.07:06:39 Main INFO Handle pID
2020-12-02.07:06:39 Main INFO pID handled: 10744
2020-12-02.07:06:39 Main INFO Handle Process
2020-12-02.07:06:39 Main INFO Success Process handle
2020-12-02.07:07:04 Main INFO Program start
2020-12-02.07:07:04 Main INFO Handle pID
2020-12-02.07:07:04 Main INFO pID handled: 10744
2020-12-02.07:07:04 Main INFO Handle Process
2020-12-02.07:07:04 Main INFO Success Process handle
2020-12-02.07:07:11 Main DEBUG Value success handled. Address 4294953940 = 10
2020-12-02.07:07:11 Main DEBUG New value for address 4294953940 = 100
2020-12-02.07:07:11 Main INFO Program start
2020-12-02.07:07:11 Main INFO Handle pID
2020-12-02.07:07:11 Main INFO pID handled: 10744
2020-12-02.07:07:11 Main INFO Handle Process
2020-12-02.07:07:11 Main INFO Success Process handle
2020-12-02.07:10:48 Main INFO Program start
2020-12-02.07:10:48 Main INFO Handle pID
2020-12-02.07:10:48 Main INFO pID handled: 10744
2020-12-02.07:10:48 Main INFO Handle Process
2020-12-02.07:10:48 Main INFO Success Process handle
2020-12-02.07:10:51 Main DEBUG 
Value success handled. Address 4294953940 = 130

2020-12-02.07:10:51 Main DEBUG New value for address 4294953940 = 10

2020-12-02.07:10:51 Main INFO Program start
2020-12-02.07:10:51 Main INFO Handle pID
2020-12-02.07:10:51 Main INFO pID handled: 10744
2020-12-02.07:10:51 Main INFO Handle Process
2020-12-02.07:10:51 Main INFO Success Process handle
2020-12-02.07:10:55 Main DEBUG 
Value success handled. Address 4294953940 = 10

2020-12-02.07:10:55 Main DEBUG New value for address 4294953940 = 1300

2020-12-02.07:10:55 Main INFO Program start
2020-12-02.07:10:55 Main INFO Handle pID
2020-12-02.07:10:55 Main INFO pID handled: 10744
2020-12-02.07:10:55 Main INFO Handle Process
2020-12-02.07:10:55 Main INFO Success Process handle
